2025-05-06T10:42:53.366586 | Subject: 025, Session: None, Task: med2, Run: None | Dropped: 3/121 epochs (Kept: 118) | Threshold: 322.3 ÂµV
2025-05-06T10:43:00.927267 | Subject: 025, Session: None, Task: think2, Run: None | Dropped: 3/122 epochs (Kept: 119) | Threshold: 346.8 ÂµV
2025-05-06T10:43:07.968897 | Subject: 026, Session: None, Task: med2, Run: None | Dropped: 3/122 epochs (Kept: 119) | Threshold: 236.5 ÂµV
2025-05-06T10:43:14.808677 | Subject: 026, Session: None, Task: think2, Run: None | Dropped: 6/121 epochs (Kept: 115) | Threshold: 269.5 ÂµV
2025-05-06T10:43:21.957139 | Subject: 027, Session: None, Task: med2, Run: None | Dropped: 2/120 epochs (Kept: 118) | Threshold: 515.2 ÂµV
2025-05-06T10:43:29.144508 | Subject: 027, Session: None, Task: think2, Run: None | Dropped: 0/123 epochs (Kept: 123) | Threshold: 690.9 ÂµV
2025-05-06T10:43:32.697752 | Subject: 028, Session: None, Task: med2, Run: None | Dropped: 3/127 epochs (Kept: 124) | Threshold: 368.1 ÂµV
2025-05-06T10:43:40.140664 | Subject: 028, Session: None, Task: think2, Run: None | Dropped: 2/120 epochs (Kept: 118) | Threshold: 340.4 ÂµV
2025-05-06T10:43:47.232963 | Subject: 029, Session: None, Task: med2, Run: None | Dropped: 0/123 epochs (Kept: 123) | Threshold: 1141.6 ÂµV
2025-05-06T10:43:50.533682 | Subject: 029, Session: None, Task: think2, Run: None | Dropped: 0/121 epochs (Kept: 121) | Threshold: 743.5 ÂµV
2025-05-06T10:43:53.812287 | Subject: 030, Session: None, Task: med2, Run: None | Dropped: 0/120 epochs (Kept: 120) | Threshold: 532.6 ÂµV
2025-05-06T10:43:57.233107 | Subject: 030, Session: None, Task: think2, Run: None | Dropped: 2/123 epochs (Kept: 121) | Threshold: 326.6 ÂµV
2025-05-06T10:44:04.139060 | Subject: 031, Session: None, Task: med2, Run: None | Dropped: 4/122 epochs (Kept: 118) | Threshold: 344.6 ÂµV
2025-05-06T10:44:11.230775 | Subject: 031, Session: None, Task: think2, Run: None | Dropped: 0/121 epochs (Kept: 121) | Threshold: 671.3 ÂµV
2025-05-06T10:44:14.446975 | Subject: 032, Session: None, Task: med2, Run: None | Dropped: 13/120 epochs (Kept: 107) | Threshold: 318.4 ÂµV
2025-05-06T10:44:21.295671 | Subject: 032, Session: None, Task: think2, Run: None | Dropped: 25/122 epochs (Kept: 97) | Threshold: 281.8 ÂµV
2025-05-06T10:44:28.257909 | Subject: 033, Session: None, Task: med2, Run: None | Dropped: 6/123 epochs (Kept: 117) | Threshold: 292.9 ÂµV
2025-05-06T10:44:35.328350 | Subject: 033, Session: None, Task: think2, Run: None | Dropped: 0/122 epochs (Kept: 122) | Threshold: 640.5 ÂµV
2025-05-06T10:44:38.494409 | Subject: 034, Session: None, Task: med2, Run: None | Dropped: 4/121 epochs (Kept: 117) | Threshold: 835.0 ÂµV
2025-05-06T10:44:45.379136 | Subject: 034, Session: None, Task: think2, Run: None | Dropped: 2/120 epochs (Kept: 118) | Threshold: 533.3 ÂµV
2025-05-06T10:44:53.406443 | Subject: 035, Session: None, Task: med2, Run: None | Dropped: 14/122 epochs (Kept: 108) | Threshold: 334.9 ÂµV
2025-05-06T10:45:00.383497 | Subject: 035, Session: None, Task: think2, Run: None | Dropped: 1/121 epochs (Kept: 120) | Threshold: 445.6 ÂµV
2025-05-06T10:45:07.673788 | Subject: 036, Session: None, Task: med2, Run: None | Dropped: 5/120 epochs (Kept: 115) | Threshold: 643.2 ÂµV
2025-05-06T10:45:14.177813 | Subject: 036, Session: None, Task: think2, Run: None | Dropped: 15/120 epochs (Kept: 105) | Threshold: 301.4 ÂµV
2025-05-06T10:45:21.655121 | Subject: 037, Session: None, Task: med2, Run: None | Dropped: 29/121 epochs (Kept: 92) | Threshold: 350.4 ÂµV
2025-05-06T10:45:28.307558 | Subject: 037, Session: None, Task: think2, Run: None | Dropped: 23/120 epochs (Kept: 97) | Threshold: 264.2 ÂµV
2025-05-06T10:45:35.647876 | Subject: 038, Session: None, Task: med2, Run: None | Dropped: 3/120 epochs (Kept: 117) | Threshold: 405.3 ÂµV
2025-05-06T10:45:42.576659 | Subject: 038, Session: None, Task: think2, Run: None | Dropped: 40/121 epochs (Kept: 81) | Threshold: 536.2 ÂµV
2025-05-06T10:45:48.979655 | Subject: 039, Session: None, Task: med2, Run: None | Dropped: 6/121 epochs (Kept: 115) | Threshold: 397.2 ÂµV
2025-05-06T10:45:56.524045 | Subject: 039, Session: None, Task: think2, Run: None | Dropped: 11/124 epochs (Kept: 113) | Threshold: 297.3 ÂµV
2025-05-06T10:46:05.098305 | Subject: 040, Session: None, Task: med2, Run: None | Dropped: 8/190 epochs (Kept: 182) | Threshold: 810.9 ÂµV
2025-05-06T10:46:13.926341 | Subject: 040, Session: None, Task: think2, Run: None | Dropped: 33/121 epochs (Kept: 88) | Threshold: 380.9 ÂµV
2025-05-06T10:46:21.309755 | Subject: 041, Session: None, Task: med2, Run: None | Dropped: 9/122 epochs (Kept: 113) | Threshold: 384.7 ÂµV
2025-05-06T10:46:28.035399 | Subject: 041, Session: None, Task: think2, Run: None | Dropped: 10/121 epochs (Kept: 111) | Threshold: 423.6 ÂµV
2025-05-06T10:46:34.975620 | Subject: 042, Session: None, Task: med2, Run: None | Dropped: 1/122 epochs (Kept: 121) | Threshold: 1127.3 ÂµV
2025-05-06T10:46:42.070451 | Subject: 042, Session: None, Task: think2, Run: None | Dropped: 13/123 epochs (Kept: 110) | Threshold: 458.5 ÂµV
2025-05-06T10:46:48.798923 | Subject: 043, Session: None, Task: med2, Run: None | Dropped: 12/120 epochs (Kept: 108) | Threshold: 163.9 ÂµV
2025-05-06T10:46:56.322315 | Subject: 043, Session: None, Task: think2, Run: None | Dropped: 5/134 epochs (Kept: 129) | Threshold: 196.6 ÂµV
2025-05-06T10:47:03.705861 | Subject: 044, Session: None, Task: med2, Run: None | Dropped: 19/123 epochs (Kept: 104) | Threshold: 796.1 ÂµV
2025-05-06T10:47:10.278213 | Subject: 044, Session: None, Task: think2, Run: None | Dropped: 54/121 epochs (Kept: 67) | Threshold: 404.2 ÂµV
2025-05-06T10:47:16.316810 | Subject: 045, Session: None, Task: med2, Run: None | Dropped: 0/120 epochs (Kept: 120) | Threshold: 374.9 ÂµV
2025-05-06T10:47:19.660105 | Subject: 045, Session: None, Task: think2, Run: None | Dropped: 0/120 epochs (Kept: 120) | Threshold: 2786.9 ÂµV
2025-05-06T10:47:23.599886 | Subject: 046, Session: None, Task: med2, Run: None | Dropped: 44/120 epochs (Kept: 76) | Threshold: 590.3 ÂµV
2025-05-06T10:47:30.084386 | Subject: 046, Session: None, Task: think2, Run: None | Dropped: 5/120 epochs (Kept: 115) | Threshold: 1274.5 ÂµV
2025-05-06T10:47:36.689844 | Subject: 047, Session: None, Task: med2, Run: None | Dropped: 25/120 epochs (Kept: 95) | Threshold: 452.0 ÂµV
2025-05-06T10:47:43.056317 | Subject: 047, Session: None, Task: think2, Run: None | Dropped: 30/121 epochs (Kept: 91) | Threshold: 452.9 ÂµV
2025-05-06T10:47:49.631809 | Subject: 048, Session: None, Task: med2, Run: None | Dropped: 1/121 epochs (Kept: 120) | Threshold: 871.5 ÂµV
2025-05-06T10:47:56.883822 | Subject: 048, Session: None, Task: think2, Run: None | Dropped: 9/120 epochs (Kept: 111) | Threshold: 433.5 ÂµV
2025-05-06T10:48:03.617621 | Subject: 049, Session: None, Task: med2, Run: None | Dropped: 34/120 epochs (Kept: 86) | Threshold: 458.5 ÂµV
2025-05-06T10:48:10.294561 | Subject: 049, Session: None, Task: think2, Run: None | Dropped: 56/120 epochs (Kept: 64) | Threshold: 534.7 ÂµV
2025-05-06T10:48:16.561366 | Subject: 050, Session: None, Task: med2, Run: None | Dropped: 1/121 epochs (Kept: 120) | Threshold: 721.4 ÂµV
2025-05-06T10:48:26.001270 | Subject: 050, Session: None, Task: think2, Run: None | Dropped: 45/123 epochs (Kept: 78) | Threshold: 637.2 ÂµV
2025-05-06T10:48:32.340210 | Subject: 051, Session: None, Task: med2, Run: None | Dropped: 27/120 epochs (Kept: 93) | Threshold: 853.3 ÂµV
2025-05-06T10:48:38.976600 | Subject: 051, Session: None, Task: think2, Run: None | Dropped: 13/121 epochs (Kept: 108) | Threshold: 1245.5 ÂµV
2025-05-06T10:48:45.779591 | Subject: 052, Session: None, Task: med2, Run: None | Dropped: 3/121 epochs (Kept: 118) | Threshold: 481.8 ÂµV
2025-05-06T10:48:52.550659 | Subject: 052, Session: None, Task: think2, Run: None | Dropped: 7/121 epochs (Kept: 114) | Threshold: 649.3 ÂµV
2025-05-06T10:48:59.736353 | Subject: 053, Session: None, Task: med2, Run: None | Dropped: 0/123 epochs (Kept: 123) | Threshold: 863.4 ÂµV
2025-05-06T10:49:03.125015 | Subject: 053, Session: None, Task: think2, Run: None | Dropped: 3/126 epochs (Kept: 123) | Threshold: 733.7 ÂµV
2025-05-06T10:49:09.826273 | Subject: 054, Session: None, Task: med2, Run: None | Dropped: 42/121 epochs (Kept: 79) | Threshold: 452.6 ÂµV
2025-05-06T10:49:16.642598 | Subject: 054, Session: None, Task: think2, Run: None | Dropped: 0/122 epochs (Kept: 122) | Threshold: 1009.7 ÂµV
2025-05-06T10:49:19.902134 | Subject: 055, Session: None, Task: med2, Run: None | Dropped: 3/120 epochs (Kept: 117) | Threshold: 480.4 ÂµV
2025-05-06T10:49:26.802856 | Subject: 055, Session: None, Task: think2, Run: None | Dropped: 7/121 epochs (Kept: 114) | Threshold: 368.6 ÂµV
2025-05-06T10:49:33.798035 | Subject: 060, Session: None, Task: med2, Run: None | Dropped: 0/120 epochs (Kept: 120) | Threshold: 930.8 ÂµV
2025-05-06T10:49:37.407662 | Subject: 060, Session: None, Task: think2, Run: None | Dropped: 14/123 epochs (Kept: 109) | Threshold: 392.2 ÂµV
2025-05-06T10:49:44.188227 | Subject: 061, Session: None, Task: med2, Run: None | Dropped: 13/121 epochs (Kept: 108) | Threshold: 354.0 ÂµV
2025-05-06T10:49:51.006776 | Subject: 061, Session: None, Task: think2, Run: None | Dropped: 0/121 epochs (Kept: 121) | Threshold: 1133.1 ÂµV
2025-05-06T10:49:54.359390 | Subject: 062, Session: None, Task: med2, Run: None | Dropped: 4/120 epochs (Kept: 116) | Threshold: 354.8 ÂµV
2025-05-06T10:50:01.722495 | Subject: 062, Session: None, Task: think2, Run: None | Dropped: 1/121 epochs (Kept: 120) | Threshold: 1604.9 ÂµV
2025-05-06T10:50:08.967369 | Subject: 063, Session: None, Task: med2, Run: None | Dropped: 46/121 epochs (Kept: 75) | Threshold: 317.7 ÂµV
2025-05-06T10:50:15.721203 | Subject: 063, Session: None, Task: think2, Run: None | Dropped: 0/121 epochs (Kept: 121) | Threshold: 528.7 ÂµV
2025-05-06T10:50:19.022177 | Subject: 064, Session: None, Task: med2, Run: None | Dropped: 0/121 epochs (Kept: 121) | Threshold: 747.6 ÂµV
2025-05-06T10:50:22.444719 | Subject: 064, Session: None, Task: think2, Run: None | Dropped: 10/126 epochs (Kept: 116) | Threshold: 628.6 ÂµV
2025-05-06T10:50:29.865043 | Subject: 065, Session: None, Task: med2, Run: None | Dropped: 5/146 epochs (Kept: 141) | Threshold: 240.7 ÂµV
2025-05-06T10:50:39.760283 | Subject: 065, Session: None, Task: think2, Run: None | Dropped: 0/121 epochs (Kept: 121) | Threshold: 553.1 ÂµV
2025-05-06T10:50:43.031265 | Subject: 066, Session: None, Task: med2, Run: None | Dropped: 12/120 epochs (Kept: 108) | Threshold: 289.6 ÂµV
2025-05-06T10:50:49.904638 | Subject: 066, Session: None, Task: think2, Run: None | Dropped: 19/121 epochs (Kept: 102) | Threshold: 685.4 ÂµV
2025-05-06T10:50:56.757305 | Subject: 067, Session: None, Task: med2, Run: None | Dropped: 2/120 epochs (Kept: 118) | Threshold: 262.2 ÂµV
2025-05-06T10:51:03.764383 | Subject: 067, Session: None, Task: think2, Run: None | Dropped: 25/122 epochs (Kept: 97) | Threshold: 310.6 ÂµV
2025-05-06T10:51:10.507362 | Subject: 068, Session: None, Task: med2, Run: None | Dropped: 6/120 epochs (Kept: 114) | Threshold: 629.7 ÂµV
2025-05-06T10:51:17.263114 | Subject: 068, Session: None, Task: think2, Run: None | Dropped: 5/120 epochs (Kept: 115) | Threshold: 349.6 ÂµV
2025-05-06T10:51:24.492168 | Subject: 069, Session: None, Task: med2, Run: None | Dropped: 1/120 epochs (Kept: 119) | Threshold: 537.9 ÂµV
2025-05-06T10:51:32.076146 | Subject: 069, Session: None, Task: think2, Run: None | Dropped: 37/120 epochs (Kept: 83) | Threshold: 699.9 ÂµV
2025-05-06T10:51:38.516668 | Subject: 070, Session: None, Task: med2, Run: None | Dropped: 7/120 epochs (Kept: 113) | Threshold: 288.1 ÂµV
2025-05-06T10:51:45.651458 | Subject: 070, Session: None, Task: think2, Run: None | Dropped: 0/121 epochs (Kept: 121) | Threshold: 1095.0 ÂµV
2025-05-06T10:51:49.082800 | Subject: 071, Session: None, Task: med2, Run: None | Dropped: 1/125 epochs (Kept: 124) | Threshold: 373.2 ÂµV
2025-05-06T10:51:56.487903 | Subject: 071, Session: None, Task: think2, Run: None | Dropped: 1/124 epochs (Kept: 123) | Threshold: 404.5 ÂµV
2025-05-06T10:52:03.660941 | Subject: 072, Session: None, Task: med2, Run: None | Dropped: 8/121 epochs (Kept: 113) | Threshold: 220.1 ÂµV
2025-05-06T10:52:10.585151 | Subject: 072, Session: None, Task: think2, Run: None | Dropped: 51/121 epochs (Kept: 70) | Threshold: 160.9 ÂµV
2025-05-06T10:52:16.965956 | Subject: 073, Session: None, Task: med2, Run: None | Dropped: 0/120 epochs (Kept: 120) | Threshold: 644.5 ÂµV
2025-05-06T10:52:20.202213 | Subject: 073, Session: None, Task: think2, Run: None | Dropped: 20/120 epochs (Kept: 100) | Threshold: 638.1 ÂµV
2025-05-06T10:52:26.866064 | Subject: 074, Session: None, Task: med2, Run: None | Dropped: 1/120 epochs (Kept: 119) | Threshold: 993.3 ÂµV
2025-05-06T10:52:33.743742 | Subject: 074, Session: None, Task: think2, Run: None | Dropped: 1/120 epochs (Kept: 119) | Threshold: 328.9 ÂµV
2025-05-06T10:52:40.674798 | Subject: 075, Session: None, Task: med2, Run: None | Dropped: 4/120 epochs (Kept: 116) | Threshold: 335.0 ÂµV
2025-05-06T10:52:47.949448 | Subject: 075, Session: None, Task: think2, Run: None | Dropped: 0/120 epochs (Kept: 120) | Threshold: 758.0 ÂµV
2025-05-06T10:52:51.254468 | Subject: 076, Session: None, Task: med2, Run: None | Dropped: 42/120 epochs (Kept: 78) | Threshold: 421.5 ÂµV
2025-05-06T10:52:57.845652 | Subject: 076, Session: None, Task: think2, Run: None | Dropped: 4/120 epochs (Kept: 116) | Threshold: 845.6 ÂµV
2025-05-06T10:53:04.722106 | Subject: 077, Session: None, Task: med2, Run: None | Dropped: 15/120 epochs (Kept: 105) | Threshold: 654.9 ÂµV
2025-05-06T10:53:11.460539 | Subject: 077, Session: None, Task: think2, Run: None | Dropped: 10/120 epochs (Kept: 110) | Threshold: 336.6 ÂµV
2025-05-06T10:53:18.533790 | Subject: 078, Session: None, Task: med2, Run: None | Dropped: 1/120 epochs (Kept: 119) | Threshold: 549.6 ÂµV
2025-05-06T10:53:26.280828 | Subject: 078, Session: None, Task: think2, Run: None | Dropped: 8/121 epochs (Kept: 113) | Threshold: 339.7 ÂµV

2025-05-07T15:04:05.123360 | Subject: 025, Session: None, Task: med2, Run: None | Dropped: 3/121 epochs (Kept: 118) | Threshold: 322.3 ÂµV
2025-05-07T15:04:12.800785 | Subject: 025, Session: None, Task: think2, Run: None | Dropped: 3/122 epochs (Kept: 119) | Threshold: 346.8 ÂµV
2025-05-07T15:04:19.867960 | Subject: 026, Session: None, Task: med2, Run: None | Dropped: 3/122 epochs (Kept: 119) | Threshold: 236.5 ÂµV
2025-05-07T15:04:26.905426 | Subject: 026, Session: None, Task: think2, Run: None | Dropped: 6/121 epochs (Kept: 115) | Threshold: 269.5 ÂµV
2025-05-07T15:04:34.678912 | Subject: 027, Session: None, Task: med2, Run: None | Dropped: 2/120 epochs (Kept: 118) | Threshold: 515.2 ÂµV
2025-05-07T15:04:41.964618 | Subject: 027, Session: None, Task: think2, Run: None | Dropped: 0/123 epochs (Kept: 123) | Threshold: 690.9 ÂµV
2025-05-07T15:04:45.519979 | Subject: 028, Session: None, Task: med2, Run: None | Dropped: 3/127 epochs (Kept: 124) | Threshold: 368.1 ÂµV
2025-05-07T15:04:52.974655 | Subject: 028, Session: None, Task: think2, Run: None | Dropped: 2/120 epochs (Kept: 118) | Threshold: 340.4 ÂµV
2025-05-07T15:05:00.310204 | Subject: 029, Session: None, Task: med2, Run: None | Dropped: 0/123 epochs (Kept: 123) | Threshold: 1141.6 ÂµV
2025-05-07T15:05:03.493930 | Subject: 029, Session: None, Task: think2, Run: None | Dropped: 0/121 epochs (Kept: 121) | Threshold: 743.5 ÂµV
2025-05-07T15:05:06.699931 | Subject: 030, Session: None, Task: med2, Run: None | Dropped: 0/120 epochs (Kept: 120) | Threshold: 532.6 ÂµV
2025-05-07T15:05:10.040121 | Subject: 030, Session: None, Task: think2, Run: None | Dropped: 2/123 epochs (Kept: 121) | Threshold: 326.6 ÂµV
2025-05-07T15:05:16.969187 | Subject: 031, Session: None, Task: med2, Run: None | Dropped: 4/122 epochs (Kept: 118) | Threshold: 344.6 ÂµV
2025-05-07T15:05:24.107781 | Subject: 031, Session: None, Task: think2, Run: None | Dropped: 0/121 epochs (Kept: 121) | Threshold: 671.3 ÂµV
2025-05-07T15:05:27.338016 | Subject: 032, Session: None, Task: med2, Run: None | Dropped: 13/120 epochs (Kept: 107) | Threshold: 318.4 ÂµV
2025-05-07T15:05:34.326652 | Subject: 032, Session: None, Task: think2, Run: None | Dropped: 25/122 epochs (Kept: 97) | Threshold: 281.8 ÂµV
2025-05-07T15:05:41.408047 | Subject: 033, Session: None, Task: med2, Run: None | Dropped: 6/123 epochs (Kept: 117) | Threshold: 292.9 ÂµV
2025-05-07T15:05:48.954761 | Subject: 033, Session: None, Task: think2, Run: None | Dropped: 0/122 epochs (Kept: 122) | Threshold: 640.5 ÂµV
2025-05-07T15:05:52.186863 | Subject: 034, Session: None, Task: med2, Run: None | Dropped: 4/121 epochs (Kept: 117) | Threshold: 835.0 ÂµV
2025-05-07T15:05:59.347238 | Subject: 034, Session: None, Task: think2, Run: None | Dropped: 2/120 epochs (Kept: 118) | Threshold: 533.3 ÂµV
2025-05-07T15:06:07.974547 | Subject: 035, Session: None, Task: med2, Run: None | Dropped: 14/122 epochs (Kept: 108) | Threshold: 334.9 ÂµV
2025-05-07T15:06:14.913836 | Subject: 035, Session: None, Task: think2, Run: None | Dropped: 1/121 epochs (Kept: 120) | Threshold: 445.6 ÂµV
2025-05-07T15:06:22.485316 | Subject: 036, Session: None, Task: med2, Run: None | Dropped: 5/120 epochs (Kept: 115) | Threshold: 643.2 ÂµV
2025-05-07T15:06:29.218605 | Subject: 036, Session: None, Task: think2, Run: None | Dropped: 15/120 epochs (Kept: 105) | Threshold: 301.4 ÂµV
2025-05-07T15:06:36.838010 | Subject: 037, Session: None, Task: med2, Run: None | Dropped: 29/121 epochs (Kept: 92) | Threshold: 350.4 ÂµV
2025-05-07T15:06:43.666546 | Subject: 037, Session: None, Task: think2, Run: None | Dropped: 23/120 epochs (Kept: 97) | Threshold: 264.2 ÂµV
2025-05-07T15:06:50.762615 | Subject: 038, Session: None, Task: med2, Run: None | Dropped: 3/120 epochs (Kept: 117) | Threshold: 405.3 ÂµV
2025-05-07T15:06:57.652577 | Subject: 038, Session: None, Task: think2, Run: None | Dropped: 40/121 epochs (Kept: 81) | Threshold: 536.2 ÂµV
2025-05-07T15:07:04.309197 | Subject: 039, Session: None, Task: med2, Run: None | Dropped: 6/121 epochs (Kept: 115) | Threshold: 397.2 ÂµV
2025-05-07T15:07:12.385835 | Subject: 039, Session: None, Task: think2, Run: None | Dropped: 11/124 epochs (Kept: 113) | Threshold: 297.3 ÂµV
2025-05-07T15:07:22.458532 | Subject: 040, Session: None, Task: med2, Run: None | Dropped: 8/190 epochs (Kept: 182) | Threshold: 810.9 ÂµV
2025-05-07T15:07:32.204688 | Subject: 040, Session: None, Task: think2, Run: None | Dropped: 33/121 epochs (Kept: 88) | Threshold: 380.9 ÂµV
2025-05-07T15:07:39.082986 | Subject: 041, Session: None, Task: med2, Run: None | Dropped: 9/122 epochs (Kept: 113) | Threshold: 384.7 ÂµV
2025-05-07T15:07:46.252228 | Subject: 041, Session: None, Task: think2, Run: None | Dropped: 10/121 epochs (Kept: 111) | Threshold: 423.6 ÂµV
2025-05-07T15:07:54.269034 | Subject: 042, Session: None, Task: med2, Run: None | Dropped: 1/122 epochs (Kept: 121) | Threshold: 1127.3 ÂµV
2025-05-07T15:08:02.561009 | Subject: 042, Session: None, Task: think2, Run: None | Dropped: 13/123 epochs (Kept: 110) | Threshold: 458.5 ÂµV
2025-05-07T15:08:10.451479 | Subject: 043, Session: None, Task: med2, Run: None | Dropped: 12/120 epochs (Kept: 108) | Threshold: 163.9 ÂµV
2025-05-07T15:08:18.995738 | Subject: 043, Session: None, Task: think2, Run: None | Dropped: 5/134 epochs (Kept: 129) | Threshold: 196.6 ÂµV
2025-05-07T15:08:26.389002 | Subject: 044, Session: None, Task: med2, Run: None | Dropped: 19/123 epochs (Kept: 104) | Threshold: 796.1 ÂµV
2025-05-07T15:08:33.752642 | Subject: 044, Session: None, Task: think2, Run: None | Dropped: 54/121 epochs (Kept: 67) | Threshold: 404.2 ÂµV
2025-05-07T15:08:40.731003 | Subject: 045, Session: None, Task: med2, Run: None | Dropped: 0/120 epochs (Kept: 120) | Threshold: 374.9 ÂµV
2025-05-07T15:08:44.385869 | Subject: 045, Session: None, Task: think2, Run: None | Dropped: 0/120 epochs (Kept: 120) | Threshold: 2786.9 ÂµV
2025-05-07T15:08:48.697973 | Subject: 046, Session: None, Task: med2, Run: None | Dropped: 44/120 epochs (Kept: 76) | Threshold: 590.3 ÂµV
2025-05-07T15:08:55.439394 | Subject: 046, Session: None, Task: think2, Run: None | Dropped: 5/120 epochs (Kept: 115) | Threshold: 1274.5 ÂµV
2025-05-07T15:09:02.586383 | Subject: 047, Session: None, Task: med2, Run: None | Dropped: 25/120 epochs (Kept: 95) | Threshold: 452.0 ÂµV
2025-05-07T15:09:09.379538 | Subject: 047, Session: None, Task: think2, Run: None | Dropped: 30/121 epochs (Kept: 91) | Threshold: 452.9 ÂµV
2025-05-07T15:09:16.404200 | Subject: 048, Session: None, Task: med2, Run: None | Dropped: 1/121 epochs (Kept: 120) | Threshold: 871.5 ÂµV
2025-05-07T15:09:24.004503 | Subject: 048, Session: None, Task: think2, Run: None | Dropped: 9/120 epochs (Kept: 111) | Threshold: 433.5 ÂµV
2025-05-07T15:09:32.295567 | Subject: 049, Session: None, Task: med2, Run: None | Dropped: 34/120 epochs (Kept: 86) | Threshold: 458.5 ÂµV
2025-05-07T15:09:39.258855 | Subject: 049, Session: None, Task: think2, Run: None | Dropped: 56/120 epochs (Kept: 64) | Threshold: 534.7 ÂµV
2025-05-07T15:09:45.890205 | Subject: 050, Session: None, Task: med2, Run: None | Dropped: 1/121 epochs (Kept: 120) | Threshold: 721.4 ÂµV
2025-05-07T15:09:55.813746 | Subject: 050, Session: None, Task: think2, Run: None | Dropped: 45/123 epochs (Kept: 78) | Threshold: 637.2 ÂµV
2025-05-07T15:10:02.653455 | Subject: 051, Session: None, Task: med2, Run: None | Dropped: 27/120 epochs (Kept: 93) | Threshold: 853.3 ÂµV
2025-05-07T15:10:09.489946 | Subject: 051, Session: None, Task: think2, Run: None | Dropped: 13/121 epochs (Kept: 108) | Threshold: 1245.5 ÂµV
2025-05-07T15:10:17.220809 | Subject: 052, Session: None, Task: med2, Run: None | Dropped: 3/121 epochs (Kept: 118) | Threshold: 481.8 ÂµV
2025-05-07T15:10:25.394576 | Subject: 052, Session: None, Task: think2, Run: None | Dropped: 7/121 epochs (Kept: 114) | Threshold: 649.3 ÂµV
2025-05-07T15:10:32.832178 | Subject: 053, Session: None, Task: med2, Run: None | Dropped: 0/123 epochs (Kept: 123) | Threshold: 863.4 ÂµV
2025-05-07T15:10:36.349234 | Subject: 053, Session: None, Task: think2, Run: None | Dropped: 3/126 epochs (Kept: 123) | Threshold: 733.7 ÂµV
2025-05-07T15:10:44.430167 | Subject: 054, Session: None, Task: med2, Run: None | Dropped: 42/121 epochs (Kept: 79) | Threshold: 452.6 ÂµV
2025-05-07T15:10:51.976460 | Subject: 054, Session: None, Task: think2, Run: None | Dropped: 0/122 epochs (Kept: 122) | Threshold: 1009.7 ÂµV
2025-05-07T15:10:55.650332 | Subject: 055, Session: None, Task: med2, Run: None | Dropped: 3/120 epochs (Kept: 117) | Threshold: 480.4 ÂµV
2025-05-07T15:11:03.043614 | Subject: 055, Session: None, Task: think2, Run: None | Dropped: 7/121 epochs (Kept: 114) | Threshold: 368.6 ÂµV
2025-05-07T15:11:10.238656 | Subject: 060, Session: None, Task: med2, Run: None | Dropped: 0/120 epochs (Kept: 120) | Threshold: 930.8 ÂµV
2025-05-07T15:11:14.081068 | Subject: 060, Session: None, Task: think2, Run: None | Dropped: 14/123 epochs (Kept: 109) | Threshold: 392.2 ÂµV
2025-05-07T15:11:20.989400 | Subject: 061, Session: None, Task: med2, Run: None | Dropped: 13/121 epochs (Kept: 108) | Threshold: 354.0 ÂµV
2025-05-07T15:11:28.486930 | Subject: 061, Session: None, Task: think2, Run: None | Dropped: 0/121 epochs (Kept: 121) | Threshold: 1133.1 ÂµV
2025-05-07T15:11:32.177994 | Subject: 062, Session: None, Task: med2, Run: None | Dropped: 4/120 epochs (Kept: 116) | Threshold: 354.8 ÂµV
2025-05-07T15:11:40.391476 | Subject: 062, Session: None, Task: think2, Run: None | Dropped: 1/121 epochs (Kept: 120) | Threshold: 1604.9 ÂµV
2025-05-07T15:11:49.169048 | Subject: 063, Session: None, Task: med2, Run: None | Dropped: 46/121 epochs (Kept: 75) | Threshold: 317.7 ÂµV
2025-05-07T15:11:56.653549 | Subject: 063, Session: None, Task: think2, Run: None | Dropped: 0/121 epochs (Kept: 121) | Threshold: 528.7 ÂµV
2025-05-07T15:12:00.234898 | Subject: 064, Session: None, Task: med2, Run: None | Dropped: 0/121 epochs (Kept: 121) | Threshold: 747.6 ÂµV
2025-05-07T15:12:03.985211 | Subject: 064, Session: None, Task: think2, Run: None | Dropped: 10/126 epochs (Kept: 116) | Threshold: 628.6 ÂµV
2025-05-07T15:12:11.978840 | Subject: 065, Session: None, Task: med2, Run: None | Dropped: 5/146 epochs (Kept: 141) | Threshold: 240.7 ÂµV
2025-05-07T15:12:23.375205 | Subject: 065, Session: None, Task: think2, Run: None | Dropped: 0/121 epochs (Kept: 121) | Threshold: 553.1 ÂµV
2025-05-07T15:12:26.833461 | Subject: 066, Session: None, Task: med2, Run: None | Dropped: 12/120 epochs (Kept: 108) | Threshold: 289.6 ÂµV
2025-05-07T15:12:34.381074 | Subject: 066, Session: None, Task: think2, Run: None | Dropped: 19/121 epochs (Kept: 102) | Threshold: 685.4 ÂµV
2025-05-07T15:12:41.350642 | Subject: 067, Session: None, Task: med2, Run: None | Dropped: 2/120 epochs (Kept: 118) | Threshold: 262.2 ÂµV
2025-05-07T15:12:48.803087 | Subject: 067, Session: None, Task: think2, Run: None | Dropped: 25/122 epochs (Kept: 97) | Threshold: 310.6 ÂµV
2025-05-07T15:12:56.397694 | Subject: 068, Session: None, Task: med2, Run: None | Dropped: 6/120 epochs (Kept: 114) | Threshold: 629.7 ÂµV
2025-05-07T15:13:03.120260 | Subject: 068, Session: None, Task: think2, Run: None | Dropped: 5/120 epochs (Kept: 115) | Threshold: 349.6 ÂµV
2025-05-07T15:13:10.405584 | Subject: 069, Session: None, Task: med2, Run: None | Dropped: 1/120 epochs (Kept: 119) | Threshold: 537.9 ÂµV
2025-05-07T15:13:18.348268 | Subject: 069, Session: None, Task: think2, Run: None | Dropped: 37/120 epochs (Kept: 83) | Threshold: 699.9 ÂµV
2025-05-07T15:13:25.069588 | Subject: 070, Session: None, Task: med2, Run: None | Dropped: 7/120 epochs (Kept: 113) | Threshold: 288.1 ÂµV
2025-05-07T15:13:32.552646 | Subject: 070, Session: None, Task: think2, Run: None | Dropped: 0/121 epochs (Kept: 121) | Threshold: 1095.0 ÂµV
2025-05-07T15:13:36.259575 | Subject: 071, Session: None, Task: med2, Run: None | Dropped: 1/125 epochs (Kept: 124) | Threshold: 373.2 ÂµV
2025-05-07T15:13:44.176988 | Subject: 071, Session: None, Task: think2, Run: None | Dropped: 1/124 epochs (Kept: 123) | Threshold: 404.5 ÂµV
2025-05-07T15:13:51.844118 | Subject: 072, Session: None, Task: med2, Run: None | Dropped: 8/121 epochs (Kept: 113) | Threshold: 220.1 ÂµV
2025-05-07T15:13:58.939231 | Subject: 072, Session: None, Task: think2, Run: None | Dropped: 51/121 epochs (Kept: 70) | Threshold: 160.9 ÂµV
2025-05-07T15:14:06.399560 | Subject: 073, Session: None, Task: med2, Run: None | Dropped: 0/120 epochs (Kept: 120) | Threshold: 644.5 ÂµV
2025-05-07T15:14:10.352756 | Subject: 073, Session: None, Task: think2, Run: None | Dropped: 20/120 epochs (Kept: 100) | Threshold: 638.1 ÂµV
2025-05-07T15:14:17.948543 | Subject: 074, Session: None, Task: med2, Run: None | Dropped: 1/120 epochs (Kept: 119) | Threshold: 993.3 ÂµV
2025-05-07T15:14:25.224934 | Subject: 074, Session: None, Task: think2, Run: None | Dropped: 1/120 epochs (Kept: 119) | Threshold: 328.9 ÂµV
2025-05-07T15:14:32.905398 | Subject: 075, Session: None, Task: med2, Run: None | Dropped: 4/120 epochs (Kept: 116) | Threshold: 335.0 ÂµV
2025-05-07T15:14:40.700457 | Subject: 075, Session: None, Task: think2, Run: None | Dropped: 0/120 epochs (Kept: 120) | Threshold: 758.0 ÂµV
2025-05-07T15:14:44.481636 | Subject: 076, Session: None, Task: med2, Run: None | Dropped: 42/120 epochs (Kept: 78) | Threshold: 421.5 ÂµV
2025-05-07T15:14:51.401177 | Subject: 076, Session: None, Task: think2, Run: None | Dropped: 4/120 epochs (Kept: 116) | Threshold: 845.6 ÂµV
2025-05-07T15:14:58.780621 | Subject: 077, Session: None, Task: med2, Run: None | Dropped: 15/120 epochs (Kept: 105) | Threshold: 654.9 ÂµV
2025-05-07T15:15:05.832032 | Subject: 077, Session: None, Task: think2, Run: None | Dropped: 10/120 epochs (Kept: 110) | Threshold: 336.6 ÂµV
2025-05-07T15:15:13.552396 | Subject: 078, Session: None, Task: med2, Run: None | Dropped: 1/120 epochs (Kept: 119) | Threshold: 549.6 ÂµV
2025-05-07T15:15:21.377887 | Subject: 078, Session: None, Task: think2, Run: None | Dropped: 8/121 epochs (Kept: 113) | Threshold: 339.7 ÂµV
2025-05-28T14:35:59.090197 | Subject: 068, Session: None, Task: med2, Run: None | Dropped: 6/120 epochs (Kept: 114) | Threshold: 629.7 µV
2025-05-28T14:37:37.059338 | Subject: 068, Session: None, Task: med2, Run: None | Dropped: 6/120 epochs (Kept: 114) | Threshold: 629.7 µV
2025-05-28T14:37:44.667058 | Subject: 068, Session: None, Task: think2, Run: None | Dropped: 5/120 epochs (Kept: 115) | Threshold: 349.6 µV
2025-05-28T14:37:52.490826 | Subject: 069, Session: None, Task: med2, Run: None | Dropped: 1/120 epochs (Kept: 119) | Threshold: 537.9 µV
2025-05-28T14:38:01.255807 | Subject: 069, Session: None, Task: think2, Run: None | Dropped: 37/120 epochs (Kept: 83) | Threshold: 699.9 µV
2025-05-28T14:38:08.449432 | Subject: 070, Session: None, Task: med2, Run: None | Dropped: 7/120 epochs (Kept: 113) | Threshold: 288.1 µV
2025-05-28T14:38:16.119166 | Subject: 070, Session: None, Task: think2, Run: None | Dropped: 0/121 epochs (Kept: 121) | Threshold: 1095.0 µV
2025-05-28T14:38:20.533163 | Subject: 071, Session: None, Task: med2, Run: None | Dropped: 1/125 epochs (Kept: 124) | Threshold: 373.2 µV
2025-05-28T14:38:28.336927 | Subject: 071, Session: None, Task: think2, Run: None | Dropped: 1/124 epochs (Kept: 123) | Threshold: 404.5 µV
2025-05-28T14:38:36.176699 | Subject: 072, Session: None, Task: med2, Run: None | Dropped: 8/121 epochs (Kept: 113) | Threshold: 220.1 µV
2025-05-28T14:38:43.818426 | Subject: 072, Session: None, Task: think2, Run: None | Dropped: 51/121 epochs (Kept: 70) | Threshold: 160.9 µV
2025-05-28T14:38:50.928032 | Subject: 073, Session: None, Task: med2, Run: None | Dropped: 0/120 epochs (Kept: 120) | Threshold: 644.5 µV
2025-05-28T14:38:55.090973 | Subject: 073, Session: None, Task: think2, Run: None | Dropped: 20/120 epochs (Kept: 100) | Threshold: 638.1 µV
2025-05-28T14:39:02.383622 | Subject: 074, Session: None, Task: med2, Run: None | Dropped: 1/120 epochs (Kept: 119) | Threshold: 993.3 µV
2025-05-28T14:39:09.887317 | Subject: 074, Session: None, Task: think2, Run: None | Dropped: 1/120 epochs (Kept: 119) | Threshold: 328.9 µV
2025-05-28T14:39:17.592058 | Subject: 075, Session: None, Task: med2, Run: None | Dropped: 4/120 epochs (Kept: 116) | Threshold: 335.0 µV
2025-05-28T14:39:25.340810 | Subject: 075, Session: None, Task: think2, Run: None | Dropped: 0/120 epochs (Kept: 120) | Threshold: 758.0 µV
2025-05-28T14:39:29.433735 | Subject: 076, Session: None, Task: med2, Run: None | Dropped: 42/120 epochs (Kept: 78) | Threshold: 421.5 µV
2025-05-28T14:39:36.562346 | Subject: 076, Session: None, Task: think2, Run: None | Dropped: 4/120 epochs (Kept: 116) | Threshold: 845.6 µV
2025-05-28T14:39:44.182068 | Subject: 077, Session: None, Task: med2, Run: None | Dropped: 15/120 epochs (Kept: 105) | Threshold: 654.9 µV
2025-05-28T14:39:51.775784 | Subject: 077, Session: None, Task: think2, Run: None | Dropped: 10/120 epochs (Kept: 110) | Threshold: 336.6 µV
2025-05-28T14:39:59.435515 | Subject: 078, Session: None, Task: med2, Run: None | Dropped: 1/120 epochs (Kept: 119) | Threshold: 549.6 µV
2025-05-28T14:40:07.498337 | Subject: 078, Session: None, Task: think2, Run: None | Dropped: 8/121 epochs (Kept: 113) | Threshold: 339.7 µV
2025-05-30T14:30:54.627926 | Subject: 065, Session: 1, Task: None, Run: None | Dropped: 6/146 epochs (Kept: 140) | Threshold: N/A
2025-05-30T14:35:53.134037 | Subject: 065, Session: 1, Task: None, Run: None | Dropped: 0/121 epochs (Kept: 121) | Threshold: N/A
2025-05-30T14:36:39.676108 | Subject: 049, Session: 1, Task: None, Run: None | Dropped: 34/120 epochs (Kept: 86) | Threshold: N/A
2025-05-30T14:46:45.700537 | Subject: 049, Session: 1, Task: None, Run: None | Dropped: 56/120 epochs (Kept: 64) | Threshold: N/A
2025-05-30T14:49:23.781853 | Subject: 049, Session: 1, Task: None, Run: None | Dropped: 34/120 epochs (Kept: 86) | Threshold: N/A
2025-05-30T15:04:22.682732 | Subject: 049, Session: 1, Task: None, Run: None | Dropped: 56/120 epochs (Kept: 64) | Threshold: N/A
2025-05-30T15:08:48.082843 | Subject: 049, Session: 1, Task: None, Run: None | Dropped: 34/120 epochs (Kept: 86) | Threshold: N/A
2025-05-30T15:09:24.301215 | Subject: 049, Session: 1, Task: None, Run: None | Dropped: 56/120 epochs (Kept: 64) | Threshold: N/A
2025-05-30T15:10:07.360327 | Subject: 065, Session: 1, Task: None, Run: None | Dropped: 6/146 epochs (Kept: 140) | Threshold: N/A
2025-05-30T15:13:25.657685 | Subject: 065, Session: 1, Task: None, Run: None | Dropped: 0/121 epochs (Kept: 121) | Threshold: N/A
